# JRE version: Java(TM) SE Runtime Environment (8.0_301-b09) (build 1.8.0_301-b09)
# Java VM: Java HotSpot(TM) 64-Bit Server VM (25.301-b09 mixed mode windows-amd64 compressed oops)
Heap:
 PSYoungGen      total 209408K, used 3932K [0x00000000d5f80000, 0x00000000e4080000, 0x0000000100000000)
  eden space 196608K, 2% used [0x00000000d5f80000,0x00000000d63572f8,0x00000000e1f80000)
  from space 12800K, 0% used [0x00000000e3400000,0x00000000e3400000,0x00000000e4080000)
  to   space 15360K, 0% used [0x00000000e2280000,0x00000000e2280000,0x00000000e3180000)
 ParOldGen       total 115200K, used 21525K [0x0000000081e00000, 0x0000000088e80000, 0x00000000d5f80000)
  object space 115200K, 18% used [0x0000000081e00000,0x0000000083305528,0x0000000088e80000)
 Metaspace       used 55886K, capacity 59186K, committed 59392K, reserved 1099776K
  class space    used 7548K, capacity 8090K, committed 8192K, reserved 1048576K
GC Heap History (10 events):
Event: 3.061 GC heap before
{Heap before GC invocations=9 (full 1):
 PSYoungGen      total 140288K, used 20031K [0x00000000d5f80000, 0x00000000e0a80000, 0x0000000100000000)
  eden space 132096K, 8% used [0x00000000d5f80000,0x00000000d6b10238,0x00000000de080000)
  from space 8192K, 99% used [0x00000000de080000,0x00000000de87fdc0,0x00000000de880000)
  to   space 10240K, 0% used [0x00000000e0080000,0x00000000e0080000,0x00000000e0a80000)
 ParOldGen       total 56832K, used 9146K [0x0000000081e00000, 0x0000000085580000, 0x00000000d5f80000)
  object space 56832K, 16% used [0x0000000081e00000,0x00000000826ee9b8,0x0000000085580000)
 Metaspace       used 33302K, capacity 35254K, committed 35416K, reserved 1081344K
  class space    used 4231K, capacity 4591K, committed 4608K, reserved 1048576K
Event: 3.068 GC heap after
Heap after GC invocations=9 (full 1):
 PSYoungGen      total 164864K, used 7067K [0x00000000d5f80000, 0x00000000e4600000, 0x0000000100000000)
  eden space 154624K, 0% used [0x00000000d5f80000,0x00000000d5f80000,0x00000000df680000)
  from space 10240K, 69% used [0x00000000e0080000,0x00000000e0766ff0,0x00000000e0a80000)
  to   space 10240K, 0% used [0x00000000df680000,0x00000000df680000,0x00000000e0080000)
 ParOldGen       total 56832K, used 9154K [0x0000000081e00000, 0x0000000085580000, 0x00000000d5f80000)
  object space 56832K, 16% used [0x0000000081e00000,0x00000000826f09b8,0x0000000085580000)
 Metaspace       used 33302K, capacity 35254K, committed 35416K, reserved 1081344K
  class space    used 4231K, capacity 4591K, committed 4608K, reserved 1048576K
}
Event: 3.068 GC heap before
{Heap before GC invocations=10 (full 2):
 PSYoungGen      total 164864K, used 7067K [0x00000000d5f80000, 0x00000000e4600000, 0x0000000100000000)
  eden space 154624K, 0% used [0x00000000d5f80000,0x00000000d5f80000,0x00000000df680000)
  from space 10240K, 69% used [0x00000000e0080000,0x00000000e0766ff0,0x00000000e0a80000)
  to   space 10240K, 0% used [0x00000000df680000,0x00000000df680000,0x00000000e0080000)
 ParOldGen       total 56832K, used 9154K [0x0000000081e00000, 0x0000000085580000, 0x00000000d5f80000)
  object space 56832K, 16% used [0x0000000081e00000,0x00000000826f09b8,0x0000000085580000)
 Metaspace       used 33302K, capacity 35254K, committed 35416K, reserved 1081344K
  class space    used 4231K, capacity 4591K, committed 4608K, reserved 1048576K
Event: 3.116 GC heap after
Heap after GC invocations=10 (full 2):
 PSYoungGen      total 164864K, used 0K [0x00000000d5f80000, 0x00000000e4600000, 0x0000000100000000)
  eden space 154624K, 0% used [0x00000000d5f80000,0x00000000d5f80000,0x00000000df680000)
  from space 10240K, 0% used [0x00000000e0080000,0x00000000e0080000,0x00000000e0a80000)
  to   space 10240K, 0% used [0x00000000df680000,0x00000000df680000,0x00000000e0080000)
 ParOldGen       total 83456K, used 11436K [0x0000000081e00000, 0x0000000086f80000, 0x00000000d5f80000)
  object space 83456K, 13% used [0x0000000081e00000,0x000000008292b150,0x0000000086f80000)
 Metaspace       used 33302K, capacity 35254K, committed 35416K, reserved 1081344K
  class space    used 4231K, capacity 4591K, committed 4608K, reserved 1048576K
}
Event: 4.635 GC heap before
{Heap before GC invocations=11 (full 2):
 PSYoungGen      total 164864K, used 154624K [0x00000000d5f80000, 0x00000000e4600000, 0x0000000100000000)
  eden space 154624K, 100% used [0x00000000d5f80000,0x00000000df680000,0x00000000df680000)
  from space 10240K, 0% used [0x00000000e0080000,0x00000000e0080000,0x00000000e0a80000)
  to   space 10240K, 0% used [0x00000000df680000,0x00000000df680000,0x00000000e0080000)
 ParOldGen       total 83456K, used 11436K [0x0000000081e00000, 0x0000000086f80000, 0x00000000d5f80000)
  object space 83456K, 13% used [0x0000000081e00000,0x000000008292b150,0x0000000086f80000)
 Metaspace       used 50162K, capacity 53018K, committed 53248K, reserved 1095680K
  class space    used 6837K, capacity 7312K, committed 7424K, reserved 1048576K
Event: 4.653 GC heap after
Heap after GC invocations=11 (full 2):
 PSYoungGen      total 164864K, used 10233K [0x00000000d5f80000, 0x00000000e4200000, 0x0000000100000000)
  eden space 154624K, 0% used [0x00000000d5f80000,0x00000000d5f80000,0x00000000df680000)
  from space 10240K, 99% used [0x00000000df680000,0x00000000e007e6f8,0x00000000e0080000)
  to   space 14336K, 0% used [0x00000000e3400000,0x00000000e3400000,0x00000000e4200000)
 ParOldGen       total 83456K, used 19371K [0x0000000081e00000, 0x0000000086f80000, 0x00000000d5f80000)
  object space 83456K, 23% used [0x0000000081e00000,0x00000000830eafa8,0x0000000086f80000)
 Metaspace       used 50162K, capacity 53018K, committed 53248K, reserved 1095680K
  class space    used 6837K, capacity 7312K, committed 7424K, reserved 1048576K
}
Event: 70.473 GC heap before
{Heap before GC invocations=12 (full 2):
 PSYoungGen      total 164864K, used 82080K [0x00000000d5f80000, 0x00000000e4200000, 0x0000000100000000)
  eden space 154624K, 46% used [0x00000000d5f80000,0x00000000da5a9b80,0x00000000df680000)
  from space 10240K, 99% used [0x00000000df680000,0x00000000e007e6f8,0x00000000e0080000)
  to   space 14336K, 0% used [0x00000000e3400000,0x00000000e3400000,0x00000000e4200000)
 ParOldGen       total 83456K, used 19371K [0x0000000081e00000, 0x0000000086f80000, 0x00000000d5f80000)
  object space 83456K, 23% used [0x0000000081e00000,0x00000000830eafa8,0x0000000086f80000)
 Metaspace       used 55663K, capacity 58930K, committed 59008K, reserved 1099776K
  class space    used 7489K, capacity 8026K, committed 8064K, reserved 1048576K
Event: 70.483 GC heap after
Heap after GC invocations=12 (full 2):
 PSYoungGen      total 209408K, used 12585K [0x00000000d5f80000, 0x00000000e4080000, 0x0000000100000000)
  eden space 196608K, 0% used [0x00000000d5f80000,0x00000000d5f80000,0x00000000e1f80000)
  from space 12800K, 98% used [0x00000000e3400000,0x00000000e404a408,0x00000000e4080000)
  to   space 15360K, 0% used [0x00000000e2280000,0x00000000e2280000,0x00000000e3180000)
 ParOldGen       total 83456K, used 19379K [0x0000000081e00000, 0x0000000086f80000, 0x00000000d5f80000)
  object space 83456K, 23% used [0x0000000081e00000,0x00000000830ecfa8,0x0000000086f80000)
 Metaspace       used 55663K, capacity 58930K, committed 59008K, reserved 1099776K
  class space    used 7489K, capacity 8026K, committed 8064K, reserved 1048576K
}
Event: 70.483 GC heap before
{Heap before GC invocations=13 (full 3):
 PSYoungGen      total 209408K, used 12585K [0x00000000d5f80000, 0x00000000e4080000, 0x0000000100000000)
  eden space 196608K, 0% used [0x00000000d5f80000,0x00000000d5f80000,0x00000000e1f80000)
  from space 12800K, 98% used [0x00000000e3400000,0x00000000e404a408,0x00000000e4080000)
  to   space 15360K, 0% used [0x00000000e2280000,0x00000000e2280000,0x00000000e3180000)
 ParOldGen       total 83456K, used 19379K [0x0000000081e00000, 0x0000000086f80000, 0x00000000d5f80000)
  object space 83456K, 23% used [0x0000000081e00000,0x00000000830ecfa8,0x0000000086f80000)
 Metaspace       used 55663K, capacity 58930K, committed 59008K, reserved 1099776K
  class space    used 7489K, capacity 8026K, committed 8064K, reserved 1048576K
Event: 70.589 GC heap after
Heap after GC invocations=13 (full 3):
 PSYoungGen      total 209408K, used 0K [0x00000000d5f80000, 0x00000000e4080000, 0x0000000100000000)
  eden space 196608K, 0% used [0x00000000d5f80000,0x00000000d5f80000,0x00000000e1f80000)
  from space 12800K, 0% used [0x00000000e3400000,0x00000000e3400000,0x00000000e4080000)
  to   space 15360K, 0% used [0x00000000e2280000,0x00000000e2280000,0x00000000e3180000)
 ParOldGen       total 115200K, used 21525K [0x0000000081e00000, 0x0000000088e80000, 0x00000000d5f80000)
  object space 115200K, 18% used [0x0000000081e00000,0x0000000083305528,0x0000000088e80000)
 Metaspace       used 55663K, capacity 58930K, committed 59008K, reserved 1099776K
  class space    used 7489K, capacity 8026K, committed 8064K, reserved 1048576K
}

